  stdafx.cpp
  RasterSurface.cpp
h:\fullsail\computer graphics\gx1 day v\lab v\wirths_james_lab5\wirths_james_lab5\wirths_james_lab5\rastersurface.cpp(109): warning C4838: conversion from 'unsigned int' to 'LONG' requires a narrowing conversion
  Wirths_James_Lab5.cpp
h:\fullsail\computer graphics\gx1 day v\lab v\wirths_james_lab5\wirths_james_lab5\wirths_james_lab5\mymath.h(130): warning C4244: 'argument': conversion from 'double' to 'float', possible loss of data
h:\fullsail\computer graphics\gx1 day v\lab v\wirths_james_lab5\wirths_james_lab5\wirths_james_lab5\mymath.h(131): warning C4244: 'argument': conversion from 'double' to 'float', possible loss of data
h:\fullsail\computer graphics\gx1 day v\lab v\wirths_james_lab5\wirths_james_lab5\wirths_james_lab5\mymath.h(270): warning C4244: 'initializing': conversion from 'double' to 'float', possible loss of data
h:\fullsail\computer graphics\gx1 day v\lab v\wirths_james_lab5\wirths_james_lab5\wirths_james_lab5\shaders.h(46): warning C4244: 'argument': conversion from 'float' to 'unsigned int', possible loss of data
h:\fullsail\computer graphics\gx1 day v\lab v\wirths_james_lab5\wirths_james_lab5\wirths_james_lab5\rasteriser.h(28): warning C4244: 'initializing': conversion from 'float' to 'unsigned int', possible loss of data
h:\fullsail\computer graphics\gx1 day v\lab v\wirths_james_lab5\wirths_james_lab5\wirths_james_lab5\rasteriser.h(29): warning C4244: 'initializing': conversion from 'float' to 'unsigned int', possible loss of data
h:\fullsail\computer graphics\gx1 day v\lab v\wirths_james_lab5\wirths_james_lab5\wirths_james_lab5\rasteriser.h(31): warning C4244: 'initializing': conversion from 'unsigned int' to 'float', possible loss of data
h:\fullsail\computer graphics\gx1 day v\lab v\wirths_james_lab5\wirths_james_lab5\wirths_james_lab5\rasteriser.h(36): warning C4244: 'initializing': conversion from 'float' to 'unsigned int', possible loss of data
h:\fullsail\computer graphics\gx1 day v\lab v\wirths_james_lab5\wirths_james_lab5\wirths_james_lab5\rasteriser.h(37): warning C4244: 'initializing': conversion from 'float' to 'unsigned int', possible loss of data
h:\fullsail\computer graphics\gx1 day v\lab v\wirths_james_lab5\wirths_james_lab5\wirths_james_lab5\rasteriser.h(41): warning C4244: 'argument': conversion from 'float' to 'unsigned int', possible loss of data
h:\fullsail\computer graphics\gx1 day v\lab v\wirths_james_lab5\wirths_james_lab5\wirths_james_lab5\rasteriser.h(55): warning C4244: 'argument': conversion from 'float' to 'int', possible loss of data
h:\fullsail\computer graphics\gx1 day v\lab v\wirths_james_lab5\wirths_james_lab5\wirths_james_lab5\rasteriser.h(56): warning C4244: 'argument': conversion from 'float' to 'int', possible loss of data
h:\fullsail\computer graphics\gx1 day v\lab v\wirths_james_lab5\wirths_james_lab5\wirths_james_lab5\rasteriser.h(57): warning C4244: 'argument': conversion from 'float' to 'int', possible loss of data
h:\fullsail\computer graphics\gx1 day v\lab v\wirths_james_lab5\wirths_james_lab5\wirths_james_lab5\rasteriser.h(59): warning C4244: 'argument': conversion from 'float' to 'int', possible loss of data
h:\fullsail\computer graphics\gx1 day v\lab v\wirths_james_lab5\wirths_james_lab5\wirths_james_lab5\rasteriser.h(60): warning C4244: 'argument': conversion from 'float' to 'int', possible loss of data
h:\fullsail\computer graphics\gx1 day v\lab v\wirths_james_lab5\wirths_james_lab5\wirths_james_lab5\rasteriser.h(61): warning C4244: 'argument': conversion from 'float' to 'int', possible loss of data
h:\fullsail\computer graphics\gx1 day v\lab v\wirths_james_lab5\wirths_james_lab5\wirths_james_lab5\rasteriser.h(141): warning C4244: 'argument': conversion from 'float' to 'unsigned int', possible loss of data
h:\fullsail\computer graphics\gx1 day v\lab v\wirths_james_lab5\wirths_james_lab5\wirths_james_lab5\wirths_james_lab5.cpp(36): warning C4838: conversion from 'double' to 'float' requires a narrowing conversion
h:\fullsail\computer graphics\gx1 day v\lab v\wirths_james_lab5\wirths_james_lab5\wirths_james_lab5\wirths_james_lab5.cpp(36): warning C4305: 'initializing': truncation from 'double' to 'float'
h:\fullsail\computer graphics\gx1 day v\lab v\wirths_james_lab5\wirths_james_lab5\wirths_james_lab5\wirths_james_lab5.cpp(50): warning C4838: conversion from 'double' to 'float' requires a narrowing conversion
h:\fullsail\computer graphics\gx1 day v\lab v\wirths_james_lab5\wirths_james_lab5\wirths_james_lab5\wirths_james_lab5.cpp(50): warning C4305: 'initializing': truncation from 'double' to 'float'
h:\fullsail\computer graphics\gx1 day v\lab v\wirths_james_lab5\wirths_james_lab5\wirths_james_lab5\wirths_james_lab5.cpp(79): warning C4305: 'argument': truncation from 'double' to 'float'
  Generating code
  345 of 350 functions (98.6%) were compiled, the rest were copied from previous compilation.
    11 functions were new in current compilation
    1 functions had inline decision re-evaluated but remain unchanged
  Finished generating code
  Wirths_James_Lab5.vcxproj -> H:\FullSail\Computer Graphics\GX1 Day V\Lab V\Wirths_James_Lab5\Wirths_James_Lab5\Release\Wirths_James_Lab5.exe
